16-Jul-2025 15:58:42.721 INFO [main] org.apache.catalina.startup.VersionLoggerListener.log 서버 버전 이름:    Apache Tomcat/10.1.43
16-Jul-2025 15:58:42.727 INFO [main] org.apache.catalina.startup.VersionLoggerListener.log Server 빌드 시각:  Jul 1 2025 21:30:20 UTC
16-Jul-2025 15:58:42.728 INFO [main] org.apache.catalina.startup.VersionLoggerListener.log Server 버전 번호:  10.1.43.0
16-Jul-2025 15:58:42.728 INFO [main] org.apache.catalina.startup.VersionLoggerListener.log 운영체제 이름:     Windows 10
16-Jul-2025 15:58:42.728 INFO [main] org.apache.catalina.startup.VersionLoggerListener.log 운영체제 버전:     10.0
16-Jul-2025 15:58:42.728 INFO [main] org.apache.catalina.startup.VersionLoggerListener.log 아키텍처:          amd64
16-Jul-2025 15:58:42.728 INFO [main] org.apache.catalina.startup.VersionLoggerListener.log 자바 홈:           C:\Program Files\Java\jdk-17
16-Jul-2025 15:58:42.728 INFO [main] org.apache.catalina.startup.VersionLoggerListener.log JVM 버전:          17.0.12+8-LTS-286
16-Jul-2025 15:58:42.728 INFO [main] org.apache.catalina.startup.VersionLoggerListener.log JVM 벤더:          Oracle Corporation
16-Jul-2025 15:58:42.729 INFO [main] org.apache.catalina.startup.VersionLoggerListener.log CATALINA_BASE:     C:\Users\임은재\OneDrive\Desktop\springboot\javalab\apache-tomcat-10.1.43
16-Jul-2025 15:58:42.729 INFO [main] org.apache.catalina.startup.VersionLoggerListener.log CATALINA_HOME:     C:\Users\임은재\OneDrive\Desktop\springboot\javalab\apache-tomcat-10.1.43
16-Jul-2025 15:58:42.744 INFO [main] org.apache.catalina.startup.VersionLoggerListener.log 명령 행 아규먼트:  --add-opens=java.base/java.lang=ALL-UNNAMED
16-Jul-2025 15:58:42.745 INFO [main] org.apache.catalina.startup.VersionLoggerListener.log 명령 행 아규먼트:  --add-opens=java.base/java.io=ALL-UNNAMED
16-Jul-2025 15:58:42.745 INFO [main] org.apache.catalina.startup.VersionLoggerListener.log 명령 행 아규먼트:  --add-opens=java.base/java.util=ALL-UNNAMED
16-Jul-2025 15:58:42.745 INFO [main] org.apache.catalina.startup.VersionLoggerListener.log 명령 행 아규먼트:  --add-opens=java.base/java.util.concurrent=ALL-UNNAMED
16-Jul-2025 15:58:42.745 INFO [main] org.apache.catalina.startup.VersionLoggerListener.log 명령 행 아규먼트:  --add-opens=java.rmi/sun.rmi.transport=ALL-UNNAMED
16-Jul-2025 15:58:42.745 INFO [main] org.apache.catalina.startup.VersionLoggerListener.log 명령 행 아규먼트:  -Dcatalina.home=C:\Users\임은재\OneDrive\Desktop\springboot\javalab\apache-tomcat-10.1.43
16-Jul-2025 15:58:42.745 INFO [main] org.apache.catalina.startup.VersionLoggerListener.log 명령 행 아규먼트:  -Dcatalina.base=C:\Users\임은재\OneDrive\Desktop\springboot\javalab\apache-tomcat-10.1.43
16-Jul-2025 15:58:42.745 INFO [main] org.apache.catalina.startup.VersionLoggerListener.log 명령 행 아규먼트:  -Djava.io.tmpdir=C:\Users\임은재\OneDrive\Desktop\springboot\javalab\apache-tomcat-10.1.43\temp
16-Jul-2025 15:58:42.746 INFO [main] org.apache.catalina.startup.VersionLoggerListener.log 명령 행 아규먼트:  -Djava.util.logging.config.file=C:\Users\임은재\OneDrive\Desktop\springboot\javalab\apache-tomcat-10.1.43\conf\logging.properties
16-Jul-2025 15:58:42.746 INFO [main] org.apache.catalina.startup.VersionLoggerListener.log 명령 행 아규먼트:  -Djava.util.logging.manager=org.apache.juli.ClassLoaderLogManager
16-Jul-2025 15:58:42.746 INFO [main] org.apache.catalina.startup.VersionLoggerListener.log 명령 행 아규먼트:  -javaagent:C:\Program Files\JetBrains\IntelliJ IDEA Community Edition 2024.2.2\lib\idea_rt.jar=57099:C:\Program Files\JetBrains\IntelliJ IDEA Community Edition 2024.2.2\bin
16-Jul-2025 15:58:42.746 INFO [main] org.apache.catalina.startup.VersionLoggerListener.log 명령 행 아규먼트:  -Dfile.encoding=UTF-8
16-Jul-2025 15:58:42.752 INFO [main] org.apache.catalina.core.AprLifecycleListener.lifecycleEvent APR 버전 [1.7.6]을(를) 사용한, APR 기반 Apache Tomcat Native 라이브러리 [2.0.9]을(를) 로드했습니다.
16-Jul-2025 15:58:42.761 INFO [main] org.apache.catalina.core.AprLifecycleListener.initializeSSL OpenSSL이 성공적으로 초기화되었습니다: [OpenSSL 3.5.0 8 Apr 2025]
16-Jul-2025 15:58:43.143 INFO [main] org.apache.coyote.AbstractProtocol.init 프로토콜 핸들러 ["http-nio-8080"]을(를) 초기화합니다.
16-Jul-2025 15:58:43.168 INFO [main] org.apache.catalina.startup.Catalina.load [822] 밀리초 내에 서버가 초기화되었습니다.
16-Jul-2025 15:58:43.255 INFO [main] org.apache.catalina.core.StandardService.startInternal 서비스 [Catalina]을(를) 시작합니다.
16-Jul-2025 15:58:43.256 INFO [main] org.apache.catalina.core.StandardEngine.startInternal 서버 엔진을 시작합니다: [Apache Tomcat/10.1.43]
16-Jul-2025 15:58:43.274 INFO [main] org.apache.catalina.startup.HostConfig.deployDescriptor 배치 descriptor [C:\Users\임은재\OneDrive\Desktop\springboot\javalab\apache-tomcat-10.1.43\conf\Catalina\localhost\sa.xml]을(를) 배치합니다.
16-Jul-2025 15:58:43.936 WARNING [main] org.apache.catalina.util.SessionIdGeneratorBase.createSecureRandom [SHA1PRNG] 알고리즘을 사용하여, 세션 ID를 생성하기 위한 SecureRandom 객체를 생성하는데, [147] 밀리초가 소요됐습니다.
16-Jul-2025 15:58:43.978 INFO [main] org.apache.catalina.startup.HostConfig.deployDescriptor 배치 descriptor [C:\Users\임은재\OneDrive\Desktop\springboot\javalab\apache-tomcat-10.1.43\conf\Catalina\localhost\sa.xml]의 배치가 [705] 밀리초 내에 완료되었습니다.
16-Jul-2025 15:58:43.979 INFO [main] org.apache.catalina.startup.HostConfig.deployDirectory 웹 애플리케이션 디렉토리 [C:\Users\임은재\OneDrive\Desktop\springboot\javalab\apache-tomcat-10.1.43\webapps\docs]을(를) 배치합니다.
16-Jul-2025 15:58:44.056 INFO [main] org.apache.catalina.startup.HostConfig.deployDirectory 웹 애플리케이션 디렉토리 [C:\Users\임은재\OneDrive\Desktop\springboot\javalab\apache-tomcat-10.1.43\webapps\docs]에 대한 배치가 [76] 밀리초에 완료되었습니다.
16-Jul-2025 15:58:44.056 INFO [main] org.apache.catalina.startup.HostConfig.deployDirectory 웹 애플리케이션 디렉토리 [C:\Users\임은재\OneDrive\Desktop\springboot\javalab\apache-tomcat-10.1.43\webapps\examples]을(를) 배치합니다.
16-Jul-2025 15:58:44.969 INFO [main] org.apache.catalina.startup.HostConfig.deployDirectory 웹 애플리케이션 디렉토리 [C:\Users\임은재\OneDrive\Desktop\springboot\javalab\apache-tomcat-10.1.43\webapps\examples]에 대한 배치가 [913] 밀리초에 완료되었습니다.
16-Jul-2025 15:58:44.969 INFO [main] org.apache.catalina.startup.HostConfig.deployDirectory 웹 애플리케이션 디렉토리 [C:\Users\임은재\OneDrive\Desktop\springboot\javalab\apache-tomcat-10.1.43\webapps\host-manager]을(를) 배치합니다.
16-Jul-2025 15:58:45.036 INFO [main] org.apache.catalina.startup.HostConfig.deployDirectory 웹 애플리케이션 디렉토리 [C:\Users\임은재\OneDrive\Desktop\springboot\javalab\apache-tomcat-10.1.43\webapps\host-manager]에 대한 배치가 [67] 밀리초에 완료되었습니다.
16-Jul-2025 15:58:45.036 INFO [main] org.apache.catalina.startup.HostConfig.deployDirectory 웹 애플리케이션 디렉토리 [C:\Users\임은재\OneDrive\Desktop\springboot\javalab\apache-tomcat-10.1.43\webapps\manager]을(를) 배치합니다.
16-Jul-2025 15:58:45.093 INFO [main] org.apache.catalina.startup.HostConfig.deployDirectory 웹 애플리케이션 디렉토리 [C:\Users\임은재\OneDrive\Desktop\springboot\javalab\apache-tomcat-10.1.43\webapps\manager]에 대한 배치가 [57] 밀리초에 완료되었습니다.
16-Jul-2025 15:58:45.094 INFO [main] org.apache.catalina.startup.HostConfig.deployDirectory 웹 애플리케이션 디렉토리 [C:\Users\임은재\OneDrive\Desktop\springboot\javalab\apache-tomcat-10.1.43\webapps\ROOT]을(를) 배치합니다.
16-Jul-2025 15:58:45.138 INFO [main] org.apache.catalina.startup.HostConfig.deployDirectory 웹 애플리케이션 디렉토리 [C:\Users\임은재\OneDrive\Desktop\springboot\javalab\apache-tomcat-10.1.43\webapps\ROOT]에 대한 배치가 [44] 밀리초에 완료되었습니다.
16-Jul-2025 15:58:45.146 INFO [main] org.apache.coyote.AbstractProtocol.start 프로토콜 핸들러 ["http-nio-8080"]을(를) 시작합니다.
16-Jul-2025 15:58:45.318 INFO [main] org.apache.catalina.startup.Catalina.start 서버가 [2148] 밀리초 내에 시작되었습니다.
